This is pdfTeX, Version 3.141592653-2.6-1.40.23 (MiKTeX 21.10) (preloaded format=pdflatex 2021.11.4)  5 NOV 2021 13:00
entering extended mode
**d:/All/Proyectos/Proyectos_Fisica/Reporte/PIA.tex
(d:/All/Proyectos/Proyectos_Fisica/Reporte/PIA.tex
LaTeX2e <2021-06-01> patch level 1
L3 programming layer <2021-10-18> (Preambulo.tex (rmaa.cls
Document Class: rmaa 2011/08/15 v3.26 RevMexAA article class
Manuscript for referee
Preprint option
Proceedings option
(C:\Users\Ed\AppData\Local\Programs\MiKTeX\tex/latex/base\article.cls
Document Class: article 2021/02/12 v1.4n Standard LaTeX document class
(C:\Users\Ed\AppData\Local\Programs\MiKTeX\tex/latex/base\size10.clo
File: size10.clo 2021/02/12 v1.4n Standard LaTeX file (size option)
)
\c@part=\count182
\c@section=\count183
\c@subsection=\count184
\c@subsubsection=\count185
\c@paragraph=\count186
\c@subparagraph=\count187
\c@figure=\count188
\c@table=\count189
\abovecaptionskip=\skip47
\belowcaptionskip=\skip48
\bibindent=\dimen138
) (C:\Users\Ed\AppData\Local\Programs\MiKTeX\tex/latex/natbib\natbib.sty
Package: natbib 2010/09/13 8.31b (PWD, AO)
\bibhang=\skip49
\bibsep=\skip50
LaTeX Info: Redefining \cite on input line 694.
\c@NAT@ctr=\count190
) (C:\Users\Ed\AppData\Local\Programs\MiKTeX\tex/latex/graphics\graphicx.sty
Package: graphicx 2020/12/05 v1.2c Enhanced LaTeX Graphics (DPC,SPQR)
 (C:\Users\Ed\AppData\Local\Programs\MiKTeX\tex/latex/graphics\keyval.sty
Package: keyval 2014/10/28 v1.15 key=value parser (DPC)
\KV@toks@=\toks16
) (C:\Users\Ed\AppData\Local\Programs\MiKTeX\tex/latex/graphics\graphics.sty
Package: graphics 2021/03/04 v1.4d Standard LaTeX Graphics (DPC,SPQR)
 (C:\Users\Ed\AppData\Local\Programs\MiKTeX\tex/latex/graphics\trig.sty
Package: trig 2016/01/03 v1.10 sin cos tan (DPC)
) (C:\Users\Ed\AppData\Local\Programs\MiKTeX\tex/latex/graphics-cfg\graphics.cfg
File: graphics.cfg 2016/06/04 v1.11 sample graphics configuration
)
Package graphics Info: Driver file: pdftex.def on input line 107.
 (C:\Users\Ed\AppData\Local\Programs\MiKTeX\tex/latex/graphics-def\pdftex.def
File: pdftex.def 2020/10/05 v1.2a Graphics/color driver for pdftex
))
\Gin@req@height=\dimen139
\Gin@req@width=\dimen140
) (C:\Users\Ed\AppData\Local\Programs\MiKTeX\tex/latex/base\ifthen.sty
Package: ifthen 2020/11/24 v1.1c Standard LaTeX ifthen package (DPC)
) (C:\Users\Ed\AppData\Local\Programs\MiKTeX\tex/generic/babel\babel.sty
Package: babel 2021/10/19 3.65 The Babel package
\babel@savecnt=\count191
\U@D=\dimen141
\l@unhyphenated=\language79
 (C:\Users\Ed\AppData\Local\Programs\MiKTeX\tex/generic/babel\txtbabel.def)
\bbl@readstream=\read2
\bbl@dirlevel=\count192

*************************************
* Local config file bblopts.cfg used
*
(C:\Users\Ed\AppData\Local\Programs\MiKTeX\tex/latex/arabi\bblopts.cfg
File: bblopts.cfg 2005/09/08 v0.1 add Arabic and Farsi to "declared" options of babel
) (C:\Users\Ed\AppData\Local\Programs\MiKTeX\tex/latex/babel-english\english.ldf
Language: english 2017/06/06 v3.3r English support from the babel system
Package babel Info: Hyphen rules for 'canadian' set to \l@english
(babel)             (\language0). Reported on input line 102.
Package babel Info: Hyphen rules for 'australian' set to \l@ukenglish
(babel)             (\language73). Reported on input line 105.
Package babel Info: Hyphen rules for 'newzealand' set to \l@ukenglish
(babel)             (\language73). Reported on input line 108.
)) (C:\Users\Ed\AppData\Local\Programs\MiKTeX\tex/latex/tools\dcolumn.sty
Package: dcolumn 2014/10/28 v1.06 decimal alignment package (DPC)
 (C:\Users\Ed\AppData\Local\Programs\MiKTeX\tex/latex/tools\array.sty
Package: array 2021/04/20 v2.5e Tabular extension package (FMi)
\col@sep=\dimen142
\ar@mcellbox=\box50
\extrarowheight=\dimen143
\NC@list=\toks17
\extratabsurround=\skip51
\backup@length=\skip52
\ar@cellbox=\box51
)) (C:\Users\Ed\AppData\Local\Programs\MiKTeX\tex/latex/booktabs\booktabs.sty
Package: booktabs 2020/01/12 v1.61803398 Publication quality tables
\heavyrulewidth=\dimen144
\lightrulewidth=\dimen145
\cmidrulewidth=\dimen146
\belowrulesep=\dimen147
\belowbottomsep=\dimen148
\aboverulesep=\dimen149
\abovetopsep=\dimen150
\cmidrulesep=\dimen151
\cmidrulekern=\dimen152
\defaultaddspace=\dimen153
\@cmidla=\count193
\@cmidlb=\count194
\@aboverulesep=\dimen154
\@belowrulesep=\dimen155
\@thisruleclass=\count195
\@lastruleclass=\count196
\@thisrulewidth=\dimen156
) (C:\Users\Ed\AppData\Local\Programs\MiKTeX\tex/latex/base\makeidx.sty
Package: makeidx 2014/09/29 v1.0m Standard LaTeX package
) (C:\Users\Ed\AppData\Local\Programs\MiKTeX\tex/latex/url\url.sty
\Urlmuskip=\muskip16
Package: url 2013/09/16  ver 3.4  Verb mode for urls, etc.
)
\@parskip@default=\skip53
\@@parskip@@default=\skip54
\@parskip@stretch=\skip55
\@@parskip@@stretch=\skip56
\@parskip@shrink=\skip57
\@@parskip@@shrink=\skip58
\abovesectionskip=\skip59
\belowsectionskip=\skip60
\aboveparaskip=\skip61
\belowparaskip=\skip62
\@abovesectionskip@default=\skip63
\@@abovesectionskip@@default=\skip64
\@abovesectionskip@stretch=\skip65
\@@abovesectionskip@@stretch=\skip66
\@abovesectionskip@shrink=\skip67
\@@abovesectionskip@@shrink=\skip68
\@belowsectionskip@default=\skip69
\@@belowsectionskip@@default=\skip70
\@belowsectionskip@stretch=\skip71
\@@belowsectionskip@@stretch=\skip72
\@belowsectionskip@shrink=\skip73
\@@belowsectionskip@@shrink=\skip74
\@aboveparaskip@default=\skip75
\@@aboveparaskip@@default=\skip76
\@aboveparaskip@stretch=\skip77
\@@aboveparaskip@@stretch=\skip78
\@aboveparaskip@shrink=\skip79
\@@aboveparaskip@@shrink=\skip80
\@belowparaskip@default=\skip81
\@@belowparaskip@@default=\skip82
\@belowparaskip@stretch=\skip83
\@@belowparaskip@@stretch=\skip84
\@belowparaskip@shrink=\skip85
\@@belowparaskip@@shrink=\skip86
\@floatsep@default=\skip87
\@@floatsep@@default=\skip88
\@floatsep@stretch=\skip89
\@@floatsep@@stretch=\skip90
\@floatsep@shrink=\skip91
\@@floatsep@@shrink=\skip92
\@textfloatsep@default=\skip93
\@@textfloatsep@@default=\skip94
\@textfloatsep@stretch=\skip95
\@@textfloatsep@@stretch=\skip96
\@textfloatsep@shrink=\skip97
\@@textfloatsep@@shrink=\skip98
\@intextsep@default=\skip99
\@@intextsep@@default=\skip100
\@intextsep@stretch=\skip101
\@@intextsep@@stretch=\skip102
\@intextsep@shrink=\skip103
\@@intextsep@@shrink=\skip104
\@dblfloatsep@default=\skip105
\@@dblfloatsep@@default=\skip106
\@dblfloatsep@stretch=\skip107
\@@dblfloatsep@@stretch=\skip108
\@dblfloatsep@shrink=\skip109
\@@dblfloatsep@@shrink=\skip110
\@dbltextfloatsep@default=\skip111
\@@dbltextfloatsep@@default=\skip112
\@dbltextfloatsep@stretch=\skip113
\@@dbltextfloatsep@@stretch=\skip114
\@dbltextfloatsep@shrink=\skip115
\@@dbltextfloatsep@@shrink=\skip116
\@abovecaptionskip@default=\skip117
\@@abovecaptionskip@@default=\skip118
\@abovecaptionskip@stretch=\skip119
\@@abovecaptionskip@@stretch=\skip120
\@abovecaptionskip@shrink=\skip121
\@@abovecaptionskip@@shrink=\skip122
\@before@title@skip=\skip123
\@before@author@skip=\skip124
\@between@author@skip=\skip125
\@before@abstract@skip=\skip126
\@after@abstracthead@skip=\skip127
\@between@abstract@skip=\skip128
\@before@kwd@skip=\skip129
\@before@dates@skip=\skip130
\@@before@title@skip@default=\skip131
\@@@before@title@skip@@default=\skip132
\@@before@title@skip@stretch=\skip133
\@@@before@title@skip@@stretch=\skip134
\@@before@title@skip@shrink=\skip135
\@@@before@title@skip@@shrink=\skip136
\@@before@author@skip@default=\skip137
\@@@before@author@skip@@default=\skip138
\@@before@author@skip@stretch=\skip139
\@@@before@author@skip@@stretch=\skip140
\@@before@author@skip@shrink=\skip141
\@@@before@author@skip@@shrink=\skip142
\@@between@author@skip@default=\skip143
\@@@between@author@skip@@default=\skip144
\@@between@author@skip@stretch=\skip145
\@@@between@author@skip@@stretch=\skip146
\@@between@author@skip@shrink=\skip147
\@@@between@author@skip@@shrink=\skip148
\@@before@abstract@skip@default=\skip149
\@@@before@abstract@skip@@default=\skip150
\@@before@abstract@skip@stretch=\skip151
\@@@before@abstract@skip@@stretch=\skip152
\@@before@abstract@skip@shrink=\skip153
\@@@before@abstract@skip@@shrink=\skip154
\@@after@abstracthead@skip@default=\skip155
\@@@after@abstracthead@skip@@default=\skip156
\@@after@abstracthead@skip@stretch=\skip157
\@@@after@abstracthead@skip@@stretch=\skip158
\@@after@abstracthead@skip@shrink=\skip159
\@@@after@abstracthead@skip@@shrink=\skip160
\@@between@abstract@skip@default=\skip161
\@@@between@abstract@skip@@default=\skip162
\@@between@abstract@skip@stretch=\skip163
\@@@between@abstract@skip@@stretch=\skip164
\@@between@abstract@skip@shrink=\skip165
\@@@between@abstract@skip@@shrink=\skip166
\@@before@kwd@skip@default=\skip167
\@@@before@kwd@skip@@default=\skip168
\@@before@kwd@skip@stretch=\skip169
\@@@before@kwd@skip@@stretch=\skip170
\@@before@kwd@skip@shrink=\skip171
\@@@before@kwd@skip@@shrink=\skip172
\@@before@dates@skip@default=\skip173
\@@@before@dates@skip@@default=\skip174
\@@before@dates@skip@stretch=\skip175
\@@@before@dates@skip@@stretch=\skip176
\@@before@dates@skip@shrink=\skip177
\@@@before@dates@skip@@shrink=\skip178
\MSextraHmargin=\skip179
\MSextraVmargin=\skip180
\c@kwdcounter=\count197
\@fulladdheight=\skip181
\@fulladddepth=\skip182
\@fulladdbox=\box52
\c@notecounter=\count198
\tf@biblio=\read3
\@kwhwidth=\skip183
\@kwtwidth=\skip184
\afterkwdskip=\skip185
\@rottabcapwidth=\skip186
\tabnotewidth=\skip187
\beforebiblioskip=\skip188
\afterbiblioskip=\skip189
\c@rmaabib=\count199
\c@plate=\count266
\c@plateloop=\count267
\c@figplatei=\count268
\c@figplateii=\count269
\c@figplateiii=\count270
\c@figplateiv=\count271
\c@figplatev=\count272
\c@figplatevi=\count273
\c@figplatevii=\count274
\c@figplateviii=\count275
\c@figplateix=\count276
\c@figplatex=\count277
\c@figplatexi=\count278
\c@figplatexii=\count279
\c@figplatexiii=\count280
\c@figplatexiv=\count281
\c@figplatexv=\count282
\c@IonStage=\count283
) (C:\Users\Ed\AppData\Local\Programs\MiKTeX\tex/latex/paralist\paralist.sty
Package: paralist 2017/01/22 v2.7 Extended list environments
\pltopsep=\skip190
\plpartopsep=\skip191
\plitemsep=\skip192
\plparsep=\skip193
\pl@lab=\toks18
) (C:\Users\Ed\AppData\Local\Programs\MiKTeX\tex/latex/blindtext\blindtext.sty
Package: blindtext 2012/01/06 V2.0 blindtext-Package
 (C:\Users\Ed\AppData\Local\Programs\MiKTeX\tex/latex/tools\xspace.sty
Package: xspace 2014/10/28 v1.13 Space after command names (DPC,MH)
)
\c@blindtext=\count284
\c@Blindtext=\count285
\c@blind@countparstart=\count286
\blind@countxx=\count287
\blindtext@numBlindtext=\count288
\blind@countyy=\count289
\c@blindlist=\count290
\c@blindlistlevel=\count291
\c@blindlist@level=\count292
\blind@listitem=\count293
\c@blind@listcount=\count294
\c@blind@levelcount=\count295
\blind@mathformula=\count296
\blind@Mathformula=\count297
\c@blind@randomcount=\count298
\c@blind@randommax=\count299
\c@blind@pangramcount=\count300
\c@blind@pangrammax=\count301
) (C:\Users\Ed\AppData\Local\Programs\MiKTeX\tex/latex/base\fontenc.sty
Package: fontenc 2021/04/29 v2.0v Standard LaTeX package
) (C:\Users\Ed\AppData\Local\Programs\MiKTeX\tex/latex/base\inputenc.sty
Package: inputenc 2021/02/14 v1.3d Input encoding file
\inpenc@prehook=\toks19
\inpenc@posthook=\toks20
) (C:\Users\Ed\AppData\Local\Programs\MiKTeX\tex/latex/amsmath\amsmath.sty
Package: amsmath 2021/04/20 v2.17j AMS math features
\@mathmargin=\skip194

For additional information on amsmath, use the `?' option.
(C:\Users\Ed\AppData\Local\Programs\MiKTeX\tex/latex/amsmath\amstext.sty
Package: amstext 2000/06/29 v2.01 AMS text
 (C:\Users\Ed\AppData\Local\Programs\MiKTeX\tex/latex/amsmath\amsgen.sty
File: amsgen.sty 1999/11/30 v2.0 generic functions
\@emptytoks=\toks21
\ex@=\dimen157
)) (C:\Users\Ed\AppData\Local\Programs\MiKTeX\tex/latex/amsmath\amsbsy.sty
Package: amsbsy 1999/11/29 v1.2d Bold Symbols
\pmbraise@=\dimen158
) (C:\Users\Ed\AppData\Local\Programs\MiKTeX\tex/latex/amsmath\amsopn.sty
Package: amsopn 2016/03/08 v2.02 operator names
)
\inf@bad=\count302
LaTeX Info: Redefining \frac on input line 234.
\uproot@=\count303
\leftroot@=\count304
LaTeX Info: Redefining \overline on input line 399.
\classnum@=\count305
\DOTSCASE@=\count306
LaTeX Info: Redefining \ldots on input line 496.
LaTeX Info: Redefining \dots on input line 499.
LaTeX Info: Redefining \cdots on input line 620.
\Mathstrutbox@=\box53
\strutbox@=\box54
\big@size=\dimen159
LaTeX Font Info:    Redeclaring font encoding OML on input line 743.
LaTeX Font Info:    Redeclaring font encoding OMS on input line 744.
\macc@depth=\count307
\c@MaxMatrixCols=\count308
\dotsspace@=\muskip17
\c@parentequation=\count309
\dspbrk@lvl=\count310
\tag@help=\toks22
\row@=\count311
\column@=\count312
\maxfields@=\count313
\andhelp@=\toks23
\eqnshift@=\dimen160
\alignsep@=\dimen161
\tagshift@=\dimen162
\tagwidth@=\dimen163
\totwidth@=\dimen164
\lineht@=\dimen165
\@envbody=\toks24
\multlinegap=\skip195
\multlinetaggap=\skip196
\mathdisplay@stack=\toks25
LaTeX Info: Redefining \[ on input line 2923.
LaTeX Info: Redefining \] on input line 2924.
) (C:\Users\Ed\AppData\Local\Programs\MiKTeX\tex/latex/amsfonts\amsfonts.sty
Package: amsfonts 2013/01/14 v3.01 Basic AMSFonts support
\symAMSa=\mathgroup4
\symAMSb=\mathgroup5
LaTeX Font Info:    Redeclaring math symbol \hbar on input line 98.
LaTeX Font Info:    Overwriting math alphabet `\mathfrak' in version `bold'
(Font)                  U/euf/m/n --> U/euf/b/n on input line 106.
) (C:\Users\Ed\AppData\Local\Programs\MiKTeX\tex/latex/graphics\color.sty
Package: color 2020/02/24 v1.2b Standard LaTeX Color (DPC)
 (C:\Users\Ed\AppData\Local\Programs\MiKTeX\tex/latex/graphics-cfg\color.cfg
File: color.cfg 2016/01/02 v1.6 sample color configuration
)
Package color Info: Driver file: pdftex.def on input line 149.
) (C:\Users\Ed\AppData\Local\Programs\MiKTeX\tex/latex/vmargin\vmargin.sty
Package: vmargin 2004/07/15 V2.5 set document margins (VK)

Package: vmargin 2004/07/15 V2.5 set document margins (VK)
\PaperWidth=\dimen166
\PaperHeight=\dimen167
) (C:\Users\Ed\AppData\Local\Programs\MiKTeX\tex/latex/amsfonts\amssymb.sty
Package: amssymb 2013/01/14 v3.01 AMS font symbols


C:\Users\Ed\AppData\Local\Programs\MiKTeX\tex/latex/amsfonts\amssymb.sty:84: LaTeX Error: Command `\gtrsim' already defined.

See the LaTeX manual or LaTeX Companion for explanation.
Type  H <return>  for immediate help.
 ...                                              
                                                  
l.84 ...ymbol{\gtrsim}       {\mathrel}{AMSa}{"26}
                                                  
Your command was ignored.
Type  I <command> <return>  to replace it with another command,
or  <return>  to continue without it.


C:\Users\Ed\AppData\Local\Programs\MiKTeX\tex/latex/amsfonts\amssymb.sty:93: LaTeX Error: Command `\lesssim' already defined.

See the LaTeX manual or LaTeX Companion for explanation.
Type  H <return>  for immediate help.
 ...                                              
                                                  
l.93 ...ymbol{\lesssim}      {\mathrel}{AMSa}{"2E}
                                                  
Your command was ignored.
Type  I <command> <return>  to replace it with another command,
or  <return>  to continue without it.

) (pythonhighlight.sty
Package: pythonhighlight 2011/09/19 python code highlighting; provided by Olivier Verdier <olivier.verdier@gmail.com>
 (C:\Users\Ed\AppData\Local\Programs\MiKTeX\tex/latex/listings\listings.sty
\lst@mode=\count314
\lst@gtempboxa=\box55
\lst@token=\toks26
\lst@length=\count315
\lst@currlwidth=\dimen168
\lst@column=\count316
\lst@pos=\count317
\lst@lostspace=\dimen169
\lst@width=\dimen170
\lst@newlines=\count318
\lst@lineno=\count319
\lst@maxwidth=\dimen171
 (C:\Users\Ed\AppData\Local\Programs\MiKTeX\tex/latex/listings\lstmisc.sty
File: lstmisc.sty 2020/03/24 1.8d (Carsten Heinz)
\c@lstnumber=\count320
\lst@skipnumbers=\count321
\lst@framebox=\box56
) (C:\Users\Ed\AppData\Local\Programs\MiKTeX\tex/latex/listings\listings.cfg
File: listings.cfg 2020/03/24 1.8d listings configuration
))
Package: listings 2020/03/24 1.8d (Carsten Heinz)
 (C:\Users\Ed\AppData\Local\Programs\MiKTeX\tex/latex/xcolor\xcolor.sty
Package: xcolor 2016/05/11 v2.12 LaTeX color extensions (UK)
 (C:\Users\Ed\AppData\Local\Programs\MiKTeX\tex/latex/graphics-cfg\color.cfg
File: color.cfg 2016/01/02 v1.6 sample color configuration
)
Package xcolor Info: Driver file: pdftex.def on input line 225.
LaTeX Info: Redefining \color on input line 709.
Package xcolor Info: Model `cmy' substituted by `cmy0' on input line 1348.
Package xcolor Info: Model `hsb' substituted by `rgb' on input line 1352.
Package xcolor Info: Model `RGB' extended on input line 1364.
Package xcolor Info: Model `HTML' substituted by `rgb' on input line 1366.
Package xcolor Info: Model `Hsb' substituted by `hsb' on input line 1367.
Package xcolor Info: Model `tHsb' substituted by `hsb' on input line 1368.
Package xcolor Info: Model `HSB' substituted by `hsb' on input line 1369.
Package xcolor Info: Model `Gray' substituted by `gray' on input line 1370.
Package xcolor Info: Model `wave' substituted by `hsb' on input line 1371.
)) (C:\Users\Ed\AppData\Local\Programs\MiKTeX\tex/latex/tools\multicol.sty
Package: multicol 2019/12/09 v1.8y multicolumn formatting (FMi)
\c@tracingmulticols=\count322
\mult@box=\box57
\multicol@leftmargin=\dimen172
\c@unbalance=\count323
\c@collectmore=\count324
\doublecol@number=\count325
\multicoltolerance=\count326
\multicolpretolerance=\count327
\full@width=\dimen173
\page@free=\dimen174
\premulticols=\dimen175
\postmulticols=\dimen176
\multicolsep=\skip197
\multicolbaselineskip=\skip198
\partial@page=\box58
\last@line=\box59
\maxbalancingoverflow=\dimen177
\mult@rightbox=\box60
\mult@grightbox=\box61
\mult@gfirstbox=\box62
\mult@firstbox=\box63
\@tempa=\box64
\@tempa=\box65
\@tempa=\box66
\@tempa=\box67
\@tempa=\box68
\@tempa=\box69
\@tempa=\box70
\@tempa=\box71
\@tempa=\box72
\@tempa=\box73
\@tempa=\box74
\@tempa=\box75
\@tempa=\box76
\@tempa=\box77
\@tempa=\box78
\@tempa=\box79
\@tempa=\box80
\@tempa=\box81
\@tempa=\box82
\@tempa=\box83
\@tempa=\box84
\@tempa=\box85
\@tempa=\box86
\@tempa=\box87
\@tempa=\box88
\@tempa=\box89
\@tempa=\box90
\@tempa=\box91
\@tempa=\box92
\@tempa=\box93
\@tempa=\box94
\@tempa=\box95
\@tempa=\box96
\@tempa=\box97
\@tempa=\box98
\@tempa=\box99
\@tempa=\box100
\c@minrows=\count328
\c@columnbadness=\count329
\c@finalcolumnbadness=\count330
\last@try=\dimen178
\multicolovershoot=\dimen179
\multicolundershoot=\dimen180
\mult@nat@firstbox=\box101
\colbreak@box=\box102
\mc@col@check@num=\count331
) (C:\Users\Ed\AppData\Local\Programs\MiKTeX\tex/latex/float\float.sty
Package: float 2001/11/08 v1.3d Float enhancements (AL)
\c@float@type=\count332
\float@exts=\toks27
\float@box=\box103
\@float@everytoks=\toks28
\@floatcapt=\box104
) (C:\Users\Ed\AppData\Local\Programs\MiKTeX\tex/latex/subfigure\subfigure.sty
Package: subfigure 2002/07/30 v2.1.4 subfigure package
\subfigtopskip=\skip199
\subfigcapskip=\skip256
\subfigcaptopadj=\dimen181
\subfigbottomskip=\skip257
\subfigcapmargin=\dimen182
\subfiglabelskip=\skip258
\c@subfigure=\count333
\c@lofdepth=\count334
\c@subtable=\count335
\c@lotdepth=\count336

****************************************
* Local config file subfigure.cfg used *
****************************************
(C:\Users\Ed\AppData\Local\Programs\MiKTeX\tex/latex/subfigure\subfigure.cfg)
\subfig@top=\skip259
\subfig@bottom=\skip260
) (C:\Users\Ed\AppData\Local\Programs\MiKTeX\tex/latex/psfrag\psfrag.sty
Package: psfrag 1998/04/11 v3.04 PSfrag (MCG)
\pfg@pcount=\count337
\pfg@scount=\count338
\pfg@temp=\write3
)
\c@theorem=\count339
\c@corollary=\count340
\c@definition=\count341
) (portada.tex) (abstract.tex) (Resumen.tex) (keywords.tex) (C:\Users\Ed\AppData\Local\Programs\MiKTeX\tex/latex/l3backend\l3backend-pdftex.def
File: l3backend-pdftex.def 2021-10-18 L3 backend support: PDF output (pdfTeX)
\l__color_backend_stack_int=\count342
\l__pdf_internal_box=\box105
) (d:\All\Proyectos\Proyectos_Fisica\Reporte\build_3\PIA.aux)
\openout1 = `PIA.aux'.

LaTeX Font Info:    Checking defaults for OML/cmm/m/it on input line 16.
LaTeX Font Info:    ... okay on input line 16.
LaTeX Font Info:    Checking defaults for OMS/cmsy/m/n on input line 16.
LaTeX Font Info:    ... okay on input line 16.
LaTeX Font Info:    Checking defaults for OT1/cmr/m/n on input line 16.
LaTeX Font Info:    ... okay on input line 16.
LaTeX Font Info:    Checking defaults for T1/cmr/m/n on input line 16.
LaTeX Font Info:    ... okay on input line 16.
LaTeX Font Info:    Checking defaults for TS1/cmr/m/n on input line 16.
LaTeX Font Info:    ... okay on input line 16.
LaTeX Font Info:    Checking defaults for OMX/cmex/m/n on input line 16.
LaTeX Font Info:    ... okay on input line 16.
LaTeX Font Info:    Checking defaults for U/cmr/m/n on input line 16.
LaTeX Font Info:    ... okay on input line 16.
\@indexfile=\write4
\openout4 = `PIA.idx'.


Writing index file PIA.idx
(C:\Users\Ed\AppData\Local\Programs\MiKTeX\tex/context/base/mkii\supp-pdf.mkii
[Loading MPS to PDF converter (version 2006.09.02).]
\scratchcounter=\count343
\scratchdimen=\dimen183
\scratchbox=\box106
\nofMPsegments=\count344
\nofMParguments=\count345
\everyMPshowfont=\toks29
\MPscratchCnt=\count346
\MPscratchDim=\dimen184
\MPnumerator=\count347
\makeMPintoPDFobject=\count348
\everyMPtoPDFconversion=\toks30
) (C:\Users\Ed\AppData\Local\Programs\MiKTeX\tex/latex/epstopdf-pkg\epstopdf-base.sty
Package: epstopdf-base 2020-01-24 v2.11 Base part for package epstopdf
Package epstopdf-base Info: Redefining graphics rule for `.eps' on input line 485.
 (C:\Users\Ed\AppData\Local\Programs\MiKTeX\tex/latex/00miktex\epstopdf-sys.cfg
File: epstopdf-sys.cfg 2021/03/18 v2.0 Configuration of epstopdf for MiKTeX
))
\c@lstlisting=\count349
LaTeX Font Info:    Trying to load font information for U+msa on input line 18.
 (C:\Users\Ed\AppData\Local\Programs\MiKTeX\tex/latex/amsfonts\umsa.fd
File: umsa.fd 2013/01/14 v3.01 AMS symbols A
)
LaTeX Font Info:    Trying to load font information for U+msb on input line 18.
 (C:\Users\Ed\AppData\Local\Programs\MiKTeX\tex/latex/amsfonts\umsb.fd
File: umsb.fd 2013/01/14 v3.01 AMS symbols B
) (Introduccion.tex) (Algoritmos_Fourier.tex [1
Non-PDF special ignored!
<special> header=psfrag.pro
{C:/Users/Ed/AppData/Local/MiKTeX/pdftex/config/pdftex.map}


]) (Atractor_Lorentz.tex [2] [3

]
<imagenes/punto1/eje_x14.5500.png, id=28, 462.528pt x 346.896pt>
File: imagenes/punto1/eje_x14.5500.png Graphic file (type png)
<use imagenes/punto1/eje_x14.5500.png>
Package pdftex.def Info: imagenes/punto1/eje_x14.5500.png  used on input line 54.
(pdftex.def)             Requested size: 208.13567pt x 156.10175pt.
<imagenes/punto1/eje_x14.5599.png, id=30, 462.528pt x 346.896pt>
File: imagenes/punto1/eje_x14.5599.png Graphic file (type png)
<use imagenes/punto1/eje_x14.5599.png>
Package pdftex.def Info: imagenes/punto1/eje_x14.5599.png  used on input line 55.
(pdftex.def)             Requested size: 208.13567pt x 156.10175pt.
<imagenes/punto1/espectro14.5500.png, id=31, 462.528pt x 346.896pt>
File: imagenes/punto1/espectro14.5500.png Graphic file (type png)
<use imagenes/punto1/espectro14.5500.png>
Package pdftex.def Info: imagenes/punto1/espectro14.5500.png  used on input line 56.
(pdftex.def)             Requested size: 208.13567pt x 156.10175pt.
<imagenes/punto1/espectro14.5599.png, id=32, 462.528pt x 346.896pt>
File: imagenes/punto1/espectro14.5599.png Graphic file (type png)
<use imagenes/punto1/espectro14.5599.png>
Package pdftex.def Info: imagenes/punto1/espectro14.5599.png  used on input line 57.
(pdftex.def)             Requested size: 208.13567pt x 156.10175pt.
<imagenes/punto1/fase14.5500.png, id=33, 462.528pt x 346.896pt>
File: imagenes/punto1/fase14.5500.png Graphic file (type png)
<use imagenes/punto1/fase14.5500.png>
Package pdftex.def Info: imagenes/punto1/fase14.5500.png  used on input line 58.
(pdftex.def)             Requested size: 208.13567pt x 156.10175pt.
<imagenes/punto1/fase14.5599.png, id=34, 462.528pt x 346.896pt>
File: imagenes/punto1/fase14.5599.png Graphic file (type png)
<use imagenes/punto1/fase14.5599.png>
Package pdftex.def Info: imagenes/punto1/fase14.5599.png  used on input line 59.
(pdftex.def)             Requested size: 208.13567pt x 156.10175pt.
<imagenes/punto2/eje_x97.png, id=35, 462.528pt x 346.896pt>
File: imagenes/punto2/eje_x97.png Graphic file (type png)
<use imagenes/punto2/eje_x97.png>
Package pdftex.def Info: imagenes/punto2/eje_x97.png  used on input line 65.
(pdftex.def)             Requested size: 208.13567pt x 156.10175pt.
<imagenes/punto2/eje_x98.png, id=36, 462.528pt x 346.896pt>
File: imagenes/punto2/eje_x98.png Graphic file (type png)
<use imagenes/punto2/eje_x98.png>
Package pdftex.def Info: imagenes/punto2/eje_x98.png  used on input line 66.
(pdftex.def)             Requested size: 208.13567pt x 156.10175pt.
<imagenes/punto2/espectro97.png, id=37, 462.528pt x 346.896pt>
File: imagenes/punto2/espectro97.png Graphic file (type png)
<use imagenes/punto2/espectro97.png>
Package pdftex.def Info: imagenes/punto2/espectro97.png  used on input line 67.
(pdftex.def)             Requested size: 208.13567pt x 156.10175pt.
<imagenes/punto2/espectro98.png, id=38, 462.528pt x 346.896pt>
File: imagenes/punto2/espectro98.png Graphic file (type png)
<use imagenes/punto2/espectro98.png>
Package pdftex.def Info: imagenes/punto2/espectro98.png  used on input line 68.
(pdftex.def)             Requested size: 208.13567pt x 156.10175pt.
<imagenes/punto2/fase97.png, id=39, 462.528pt x 346.896pt>
File: imagenes/punto2/fase97.png Graphic file (type png)
<use imagenes/punto2/fase97.png>
Package pdftex.def Info: imagenes/punto2/fase97.png  used on input line 69.
(pdftex.def)             Requested size: 208.13567pt x 156.10175pt.
<imagenes/punto2/fase98.png, id=40, 462.528pt x 346.896pt>
File: imagenes/punto2/fase98.png Graphic file (type png)
<use imagenes/punto2/fase98.png>
Package pdftex.def Info: imagenes/punto2/fase98.png  used on input line 70.
(pdftex.def)             Requested size: 208.13567pt x 156.10175pt.
 [4

 <./imagenes/punto1/eje_x14.5500.png> <./imagenes/punto1/eje_x14.5599.png> <./imagenes/punto1/espectro14.5500.png> <./imagenes/punto1/espectro14.5599.png> <./imagenes/punto1/fase14.5500.png> <./imagenes/punto1/fase14.5599.png>]
<imagenes/punto3/eje_x8.png, id=53, 462.528pt x 346.896pt>
File: imagenes/punto3/eje_x8.png Graphic file (type png)
<use imagenes/punto3/eje_x8.png>
Package pdftex.def Info: imagenes/punto3/eje_x8.png  used on input line 76.
(pdftex.def)             Requested size: 208.13567pt x 156.10175pt.
<imagenes/punto3/eje_x9.png, id=54, 462.528pt x 346.896pt>
File: imagenes/punto3/eje_x9.png Graphic file (type png)
<use imagenes/punto3/eje_x9.png>
Package pdftex.def Info: imagenes/punto3/eje_x9.png  used on input line 77.
(pdftex.def)             Requested size: 208.13567pt x 156.10175pt.
<imagenes/punto3/espectro8.png, id=55, 462.528pt x 346.896pt>
File: imagenes/punto3/espectro8.png Graphic file (type png)
<use imagenes/punto3/espectro8.png>
Package pdftex.def Info: imagenes/punto3/espectro8.png  used on input line 78.
(pdftex.def)             Requested size: 208.13567pt x 156.10175pt.
<imagenes/punto3/espectro9.png, id=56, 462.528pt x 346.896pt>
File: imagenes/punto3/espectro9.png Graphic file (type png)
<use imagenes/punto3/espectro9.png>
Package pdftex.def Info: imagenes/punto3/espectro9.png  used on input line 79.
(pdftex.def)             Requested size: 208.13567pt x 156.10175pt.
<imagenes/punto3/fase8.png, id=57, 462.528pt x 346.896pt>
File: imagenes/punto3/fase8.png Graphic file (type png)
<use imagenes/punto3/fase8.png>
Package pdftex.def Info: imagenes/punto3/fase8.png  used on input line 80.
(pdftex.def)             Requested size: 208.13567pt x 156.10175pt.
<imagenes/punto3/fase9.png, id=58, 462.528pt x 346.896pt>
File: imagenes/punto3/fase9.png Graphic file (type png)
<use imagenes/punto3/fase9.png>
Package pdftex.def Info: imagenes/punto3/fase9.png  used on input line 81.
(pdftex.def)             Requested size: 208.13567pt x 156.10175pt.
 [5 <./imagenes/punto2/eje_x97.png> <./imagenes/punto2/eje_x98.png> <./imagenes/punto2/espectro97.png> <./imagenes/punto2/espectro98.png> <./imagenes/punto2/fase97.png> <./imagenes/punto2/fase98.png>] [6 <./imagenes/punto3/eje_x8.png> <./imagenes/punto3/eje_x9.png> <./imagenes/punto3/espectro8.png> <./imagenes/punto3/espectro9.png> <./imagenes/punto3/fase8.png> <./imagenes/punto3/fase9.png>]) (particula_libre.tex [7

]) (apendice.tex [8

] (C:\Users\Ed\AppData\Local\Programs\MiKTeX\tex/latex/listings\lstlang1.sty
File: lstlang1.sty 2020/03/24 1.8d listings language file
)
LaTeX Font Info:    Trying to load font information for T1+cmtt on input line 10.
 (C:\Users\Ed\AppData\Local\Programs\MiKTeX\tex/latex/base\t1cmtt.fd
File: t1cmtt.fd 2019/12/16 v2.5j Standard LaTeX font definitions
)
LaTeX Font Info:    Font shape `T1/cmtt/bx/n' in size <8> not available
(Font)              Font shape `T1/cmtt/m/n' tried instead on input line 11.
 [9

] [10]) (bibliografia.tex [11]
Class rmaa Info: Calling @outputaddressesifnecessary on input line 15.
 [12


]) (d:\All\Proyectos\Proyectos_Fisica\Reporte\build_3\PIA.aux

Package natbib Warning: Citation(s) may have changed.
(natbib)                Rerun to get citations correct.

)

LaTeX Warning: Label(s) may have changed. Rerun to get cross-references right.

 ) 
Here is how much of TeX's memory you used:
 8863 strings out of 478907
 124869 string characters out of 2853314
 1088360 words of memory out of 3000000
 26556 multiletter control sequences out of 15000+600000
 418136 words of font info for 66 fonts, out of 8000000 for 9000
 1141 hyphenation exceptions out of 8191
 77i,11n,83p,746b,1863s stack positions out of 5000i,500n,10000p,200000b,80000s
 <C:\Users\Ed\AppData\Local\MiKTeX\fonts/pk/ljfour/jknappen/ec/dpi600\ecst0800.pk> <C:\Users\Ed\AppData\Local\MiKTeX\fonts/pk/ljfour/jknappen/ec/dpi600\ectt0800.pk> <C:\Users\Ed\AppData\Local\MiKTeX\fonts/pk/ljfour/jknappen/ec/dpi600\ecbx1000.pk> <C:\Users\Ed\AppData\Local\MiKTeX\fonts/pk/ljfour/jknappen/ec/dpi600\ecrm0800.pk> <C:\Users\Ed\AppData\Local\MiKTeX\fonts/pk/ljfour/jknappen/ec/dpi600\ecrm0900.pk> <C:\Users\Ed\AppData\Local\MiKTeX\fonts/pk/ljfour/jknappen/ec/dpi600\ecti0900.pk> <C:\Users\Ed\AppData\Local\MiKTeX\fonts/pk/ljfour/jknappen/ec/dpi600\ecrm0700.pk> <C:\Users\Ed\AppData\Local\MiKTeX\fonts/pk/ljfour/jknappen/ec/dpi600\ecrm1000.pk> <C:\Users\Ed\AppData\Local\MiKTeX\fonts/pk/ljfour/jknappen/ec/dpi600\ecbx1200.pk> <C:\Users\Ed\AppData\Local\MiKTeX\fonts/pk/ljfour/jknappen/ec/dpi600\ecti1000.pk> <C:\Users\Ed\AppData\Local\MiKTeX\fonts/pk/ljfour/jknappen/ec/dpi600\eccc1000.pk><C:/Users/Ed/AppData/Local/Programs/MiKTeX/fonts/type1/public/amsfonts/cm/cmex10.pfb><C:/Users/Ed/AppData/Local/Programs/MiKTeX/fonts/type1/public/amsfonts/cm/cmmi10.pfb><C:/Users/Ed/AppData/Local/Programs/MiKTeX/fonts/type1/public/amsfonts/cm/cmmi5.pfb><C:/Users/Ed/AppData/Local/Programs/MiKTeX/fonts/type1/public/amsfonts/cm/cmmi7.pfb><C:/Users/Ed/AppData/Local/Programs/MiKTeX/fonts/type1/public/amsfonts/cm/cmmi9.pfb><C:/Users/Ed/AppData/Local/Programs/MiKTeX/fonts/type1/public/amsfonts/cm/cmr10.pfb><C:/Users/Ed/AppData/Local/Programs/MiKTeX/fonts/type1/public/amsfonts/cm/cmr5.pfb><C:/Users/Ed/AppData/Local/Programs/MiKTeX/fonts/type1/public/amsfonts/cm/cmr6.pfb><C:/Users/Ed/AppData/Local/Programs/MiKTeX/fonts/type1/public/amsfonts/cm/cmr7.pfb><C:/Users/Ed/AppData/Local/Programs/MiKTeX/fonts/type1/public/amsfonts/cm/cmr9.pfb><C:/Users/Ed/AppData/Local/Programs/MiKTeX/fonts/type1/public/amsfonts/cm/cmsy10.pfb><C:/Users/Ed/AppData/Local/Programs/MiKTeX/fonts/type1/public/amsfonts/cm/cmsy7.pfb><C:/Users/Ed/AppData/Local/Programs/MiKTeX/fonts/type1/public/amsfonts/cm/cmsy9.pfb><C:/Users/Ed/AppData/Local/Programs/MiKTeX/fonts/type1/public/amsfonts/symbols/msam10.pfb><C:/Users/Ed/AppData/Local/Programs/MiKTeX/fonts/type1/public/amsfonts/symbols/msbm10.pfb><C:/Users/Ed/AppData/Local/Programs/MiKTeX/fonts/type1/public/amsfonts/symbols/msbm5.pfb><C:/Users/Ed/AppData/Local/Programs/MiKTeX/fonts/type1/public/amsfonts/symbols/msbm7.pfb>
Output written on d:\All\Proyectos\Proyectos_Fisica\Reporte\build_3\PIA.pdf (12 pages, 1008881 bytes).
PDF statistics:
 610 PDF objects out of 1000 (max. 8388607)
 0 named destinations out of 1000 (max. 500000)
 91 words of extra memory for PDF output out of 10000 (max. 10000000)

