This is pdfTeX, Version 3.14159265-2.6-1.40.20 (MiKTeX 2.9.7250 64-bit) (preloaded format=pdflatex 2021.2.21)  2 NOV 2021 19:38
entering extended mode
**"c:/Users/Jesus Loera/OneDrive - Universidad Autónoma de Nuevo León/FCFM/Proyectos_Fisica/Reporte/PIA.tex"
("c:/Users/Jesus Loera/OneDrive - Universidad Autónoma de Nuevo León/FCFM/Proyectos_Fisica/Reporte/PIA.tex"
LaTeX2e <2019-10-01> patch level 3
(Preambulo.tex (rmaa.cls
Document Class: rmaa 2011/08/15 v3.26 RevMexAA article class
Manuscript for referee
Preprint option
Proceedings option
("C:\Program Files\MiKTeX 2.9\tex/latex/base\article.cls"
Document Class: article 2019/10/25 v1.4k Standard LaTeX document class
("C:\Program Files\MiKTeX 2.9\tex/latex/base\size10.clo"
File: size10.clo 2019/10/25 v1.4k Standard LaTeX file (size option)
)
\c@part=\count80
\c@section=\count81
\c@subsection=\count82
\c@subsubsection=\count83
\c@paragraph=\count84
\c@subparagraph=\count85
\c@figure=\count86
\c@table=\count87
\abovecaptionskip=\skip41
\belowcaptionskip=\skip42
\bibindent=\dimen102
) ("C:\Users\Jesus Loera\AppData\Roaming\MiKTeX\2.9\tex/latex/natbib\natbib.sty"
Package: natbib 2010/09/13 8.31b (PWD, AO)
\bibhang=\skip43
\bibsep=\skip44
LaTeX Info: Redefining \cite on input line 694.
\c@NAT@ctr=\count88
) ("C:\Program Files\MiKTeX 2.9\tex/latex/graphics\graphicx.sty"
Package: graphicx 2017/06/01 v1.1a Enhanced LaTeX Graphics (DPC,SPQR)
 ("C:\Program Files\MiKTeX 2.9\tex/latex/graphics\keyval.sty"
Package: keyval 2014/10/28 v1.15 key=value parser (DPC)
\KV@toks@=\toks14
) ("C:\Program Files\MiKTeX 2.9\tex/latex/graphics\graphics.sty"
Package: graphics 2019/11/01 v1.3d Standard LaTeX Graphics (DPC,SPQR)
 ("C:\Program Files\MiKTeX 2.9\tex/latex/graphics\trig.sty"
Package: trig 2016/01/03 v1.10 sin cos tan (DPC)
) ("C:\Program Files\MiKTeX 2.9\tex/latex/graphics-cfg\graphics.cfg"
File: graphics.cfg 2016/06/04 v1.11 sample graphics configuration
)
Package graphics Info: Driver file: pdftex.def on input line 105.
 ("C:\Program Files\MiKTeX 2.9\tex/latex/graphics-def\pdftex.def"
File: pdftex.def 2018/01/08 v1.0l Graphics/color driver for pdftex
))
\Gin@req@height=\dimen103
\Gin@req@width=\dimen104
) ("C:\Program Files\MiKTeX 2.9\tex/latex/base\ifthen.sty"
Package: ifthen 2014/09/29 v1.1c Standard LaTeX ifthen package (DPC)
) ("C:\Program Files\MiKTeX 2.9\tex/generic/babel\babel.sty"
Package: babel 2019/11/14 3.36 The Babel package
 ("C:\Program Files\MiKTeX 2.9\tex/generic/babel\switch.def"
File: switch.def 2019/11/14 3.36 Babel switching mechanism
)
*************************************
* Local config file bblopts.cfg used
*
("C:\Program Files\MiKTeX 2.9\tex/latex/arabi\bblopts.cfg"
File: bblopts.cfg 2005/09/08 v0.1 add Arabic and Farsi to "declared" options of babel
) ("C:\Program Files\MiKTeX 2.9\tex/latex/babel-english\english.ldf"
Language: english 2017/06/06 v3.3r English support from the babel system
 ("C:\Program Files\MiKTeX 2.9\tex/generic/babel\babel.def"
File: babel.def 2019/11/14 3.36 Babel common definitions
\babel@savecnt=\count89
\U@D=\dimen105
 ("C:\Program Files\MiKTeX 2.9\tex/generic/babel\txtbabel.def")
\bbl@dirlevel=\count90
)
Package babel Info: \l@canadian = using hyphenrules for english
(babel)             (\language0) on input line 102.
Package babel Info: \l@australian = using hyphenrules for ukenglish
(babel)             (\language72) on input line 105.
Package babel Info: \l@newzealand = using hyphenrules for ukenglish
(babel)             (\language72) on input line 108.
)) ("C:\Program Files\MiKTeX 2.9\tex/latex/tools\dcolumn.sty"
Package: dcolumn 2014/10/28 v1.06 decimal alignment package (DPC)
 ("C:\Program Files\MiKTeX 2.9\tex/latex/tools\array.sty"
Package: array 2019/08/31 v2.4l Tabular extension package (FMi)
\col@sep=\dimen106
\ar@mcellbox=\box27
\extrarowheight=\dimen107
\NC@list=\toks15
\extratabsurround=\skip45
\backup@length=\skip46
\ar@cellbox=\box28
)) ("C:\Users\Jesus Loera\AppData\Roaming\MiKTeX\2.9\tex/latex/booktabs\booktabs.sty"
Package: booktabs 2020/01/12 v1.61803398 Publication quality tables
\heavyrulewidth=\dimen108
\lightrulewidth=\dimen109
\cmidrulewidth=\dimen110
\belowrulesep=\dimen111
\belowbottomsep=\dimen112
\aboverulesep=\dimen113
\abovetopsep=\dimen114
\cmidrulesep=\dimen115
\cmidrulekern=\dimen116
\defaultaddspace=\dimen117
\@cmidla=\count91
\@cmidlb=\count92
\@aboverulesep=\dimen118
\@belowrulesep=\dimen119
\@thisruleclass=\count93
\@lastruleclass=\count94
\@thisrulewidth=\dimen120
) ("C:\Program Files\MiKTeX 2.9\tex/latex/base\makeidx.sty"
Package: makeidx 2014/09/29 v1.0m Standard LaTeX package
) ("C:\Program Files\MiKTeX 2.9\tex/latex/url\url.sty"
\Urlmuskip=\muskip10
Package: url 2013/09/16  ver 3.4  Verb mode for urls, etc.
)
\@parskip@default=\skip47
\@@parskip@@default=\skip48
\@parskip@stretch=\skip49
\@@parskip@@stretch=\skip50
\@parskip@shrink=\skip51
\@@parskip@@shrink=\skip52
\abovesectionskip=\skip53
\belowsectionskip=\skip54
\aboveparaskip=\skip55
\belowparaskip=\skip56
\@abovesectionskip@default=\skip57
\@@abovesectionskip@@default=\skip58
\@abovesectionskip@stretch=\skip59
\@@abovesectionskip@@stretch=\skip60
\@abovesectionskip@shrink=\skip61
\@@abovesectionskip@@shrink=\skip62
\@belowsectionskip@default=\skip63
\@@belowsectionskip@@default=\skip64
\@belowsectionskip@stretch=\skip65
\@@belowsectionskip@@stretch=\skip66
\@belowsectionskip@shrink=\skip67
\@@belowsectionskip@@shrink=\skip68
\@aboveparaskip@default=\skip69
\@@aboveparaskip@@default=\skip70
\@aboveparaskip@stretch=\skip71
\@@aboveparaskip@@stretch=\skip72
\@aboveparaskip@shrink=\skip73
\@@aboveparaskip@@shrink=\skip74
\@belowparaskip@default=\skip75
\@@belowparaskip@@default=\skip76
\@belowparaskip@stretch=\skip77
\@@belowparaskip@@stretch=\skip78
\@belowparaskip@shrink=\skip79
\@@belowparaskip@@shrink=\skip80
\@floatsep@default=\skip81
\@@floatsep@@default=\skip82
\@floatsep@stretch=\skip83
\@@floatsep@@stretch=\skip84
\@floatsep@shrink=\skip85
\@@floatsep@@shrink=\skip86
\@textfloatsep@default=\skip87
\@@textfloatsep@@default=\skip88
\@textfloatsep@stretch=\skip89
\@@textfloatsep@@stretch=\skip90
\@textfloatsep@shrink=\skip91
\@@textfloatsep@@shrink=\skip92
\@intextsep@default=\skip93
\@@intextsep@@default=\skip94
\@intextsep@stretch=\skip95
\@@intextsep@@stretch=\skip96
\@intextsep@shrink=\skip97
\@@intextsep@@shrink=\skip98
\@dblfloatsep@default=\skip99
\@@dblfloatsep@@default=\skip100
\@dblfloatsep@stretch=\skip101
\@@dblfloatsep@@stretch=\skip102
\@dblfloatsep@shrink=\skip103
\@@dblfloatsep@@shrink=\skip104
\@dbltextfloatsep@default=\skip105
\@@dbltextfloatsep@@default=\skip106
\@dbltextfloatsep@stretch=\skip107
\@@dbltextfloatsep@@stretch=\skip108
\@dbltextfloatsep@shrink=\skip109
\@@dbltextfloatsep@@shrink=\skip110
\@abovecaptionskip@default=\skip111
\@@abovecaptionskip@@default=\skip112
\@abovecaptionskip@stretch=\skip113
\@@abovecaptionskip@@stretch=\skip114
\@abovecaptionskip@shrink=\skip115
\@@abovecaptionskip@@shrink=\skip116
\@before@title@skip=\skip117
\@before@author@skip=\skip118
\@between@author@skip=\skip119
\@before@abstract@skip=\skip120
\@after@abstracthead@skip=\skip121
\@between@abstract@skip=\skip122
\@before@kwd@skip=\skip123
\@before@dates@skip=\skip124
\@@before@title@skip@default=\skip125
\@@@before@title@skip@@default=\skip126
\@@before@title@skip@stretch=\skip127
\@@@before@title@skip@@stretch=\skip128
\@@before@title@skip@shrink=\skip129
\@@@before@title@skip@@shrink=\skip130
\@@before@author@skip@default=\skip131
\@@@before@author@skip@@default=\skip132
\@@before@author@skip@stretch=\skip133
\@@@before@author@skip@@stretch=\skip134
\@@before@author@skip@shrink=\skip135
\@@@before@author@skip@@shrink=\skip136
\@@between@author@skip@default=\skip137
\@@@between@author@skip@@default=\skip138
\@@between@author@skip@stretch=\skip139
\@@@between@author@skip@@stretch=\skip140
\@@between@author@skip@shrink=\skip141
\@@@between@author@skip@@shrink=\skip142
\@@before@abstract@skip@default=\skip143
\@@@before@abstract@skip@@default=\skip144
\@@before@abstract@skip@stretch=\skip145
\@@@before@abstract@skip@@stretch=\skip146
\@@before@abstract@skip@shrink=\skip147
\@@@before@abstract@skip@@shrink=\skip148
\@@after@abstracthead@skip@default=\skip149
\@@@after@abstracthead@skip@@default=\skip150
\@@after@abstracthead@skip@stretch=\skip151
\@@@after@abstracthead@skip@@stretch=\skip152
\@@after@abstracthead@skip@shrink=\skip153
\@@@after@abstracthead@skip@@shrink=\skip154
\@@between@abstract@skip@default=\skip155
\@@@between@abstract@skip@@default=\skip156
\@@between@abstract@skip@stretch=\skip157
\@@@between@abstract@skip@@stretch=\skip158
\@@between@abstract@skip@shrink=\skip159
\@@@between@abstract@skip@@shrink=\skip160
\@@before@kwd@skip@default=\skip161
\@@@before@kwd@skip@@default=\skip162
\@@before@kwd@skip@stretch=\skip163
\@@@before@kwd@skip@@stretch=\skip164
\@@before@kwd@skip@shrink=\skip165
\@@@before@kwd@skip@@shrink=\skip166
\@@before@dates@skip@default=\skip167
\@@@before@dates@skip@@default=\skip168
\@@before@dates@skip@stretch=\skip169
\@@@before@dates@skip@@stretch=\skip170
\@@before@dates@skip@shrink=\skip171
\@@@before@dates@skip@@shrink=\skip172
\MSextraHmargin=\skip173
\MSextraVmargin=\skip174
\c@kwdcounter=\count95
\@fulladdheight=\skip175
\@fulladddepth=\skip176
\@fulladdbox=\box29
\c@notecounter=\count96
\tf@biblio=\read1
\@kwhwidth=\skip177
\@kwtwidth=\skip178
\afterkwdskip=\skip179
\@rottabcapwidth=\skip180
\tabnotewidth=\skip181
\beforebiblioskip=\skip182
\afterbiblioskip=\skip183
\c@rmaabib=\count97
\c@plate=\count98
\c@plateloop=\count99
\c@figplatei=\count100
\c@figplateii=\count101
\c@figplateiii=\count102
\c@figplateiv=\count103
\c@figplatev=\count104
\c@figplatevi=\count105
\c@figplatevii=\count106
\c@figplateviii=\count107
\c@figplateix=\count108
\c@figplatex=\count109
\c@figplatexi=\count110
\c@figplatexii=\count111
\c@figplatexiii=\count112
\c@figplatexiv=\count113
\c@figplatexv=\count114
\c@IonStage=\count115
) ("C:\Users\Jesus Loera\AppData\Roaming\MiKTeX\2.9\tex/latex/paralist\paralist.sty"
Package: paralist 2017/01/22 v2.7 Extended list environments
\pltopsep=\skip184
\plpartopsep=\skip185
\plitemsep=\skip186
\plparsep=\skip187
\pl@lab=\toks16
) ("C:\Program Files\MiKTeX 2.9\tex/latex/blindtext\blindtext.sty"
Package: blindtext 2012/01/06 V2.0 blindtext-Package
 ("C:\Program Files\MiKTeX 2.9\tex/latex/tools\xspace.sty"
Package: xspace 2014/10/28 v1.13 Space after command names (DPC,MH)
)
\c@blindtext=\count116
\c@Blindtext=\count117
\c@blind@countparstart=\count118
\blind@countxx=\count119
\blindtext@numBlindtext=\count120
\blind@countyy=\count121
\c@blindlist=\count122
\c@blindlistlevel=\count123
\c@blindlist@level=\count124
\blind@listitem=\count125
\c@blind@listcount=\count126
\c@blind@levelcount=\count127
\blind@mathformula=\count128
\blind@Mathformula=\count129
\c@blind@randomcount=\count130
\c@blind@randommax=\count131
\c@blind@pangramcount=\count132
\c@blind@pangrammax=\count133
) ("C:\Program Files\MiKTeX 2.9\tex/latex/base\fontenc.sty"
Package: fontenc 2018/08/11 v2.0j Standard LaTeX package
 ("C:\Program Files\MiKTeX 2.9\tex/latex/base\t1enc.def"
File: t1enc.def 2018/08/11 v2.0j Standard LaTeX file
LaTeX Font Info:    Redeclaring font encoding T1 on input line 48.
)) ("C:\Program Files\MiKTeX 2.9\tex/latex/base\inputenc.sty"
Package: inputenc 2018/08/11 v1.3c Input encoding file
\inpenc@prehook=\toks17
\inpenc@posthook=\toks18
) ("C:\Program Files\MiKTeX 2.9\tex/latex/amsmath\amsmath.sty"
Package: amsmath 2019/11/16 v2.17d AMS math features
\@mathmargin=\skip188

For additional information on amsmath, use the `?' option.
("C:\Program Files\MiKTeX 2.9\tex/latex/amsmath\amstext.sty"
Package: amstext 2000/06/29 v2.01 AMS text
 ("C:\Program Files\MiKTeX 2.9\tex/latex/amsmath\amsgen.sty"
File: amsgen.sty 1999/11/30 v2.0 generic functions
\@emptytoks=\toks19
\ex@=\dimen121
)) ("C:\Program Files\MiKTeX 2.9\tex/latex/amsmath\amsbsy.sty"
Package: amsbsy 1999/11/29 v1.2d Bold Symbols
\pmbraise@=\dimen122
) ("C:\Program Files\MiKTeX 2.9\tex/latex/amsmath\amsopn.sty"
Package: amsopn 2016/03/08 v2.02 operator names
)
\inf@bad=\count134
LaTeX Info: Redefining \frac on input line 227.
\uproot@=\count135
\leftroot@=\count136
LaTeX Info: Redefining \overline on input line 389.
\classnum@=\count137
\DOTSCASE@=\count138
LaTeX Info: Redefining \ldots on input line 486.
LaTeX Info: Redefining \dots on input line 489.
LaTeX Info: Redefining \cdots on input line 610.
\Mathstrutbox@=\box30
\strutbox@=\box31
\big@size=\dimen123
LaTeX Font Info:    Redeclaring font encoding OML on input line 733.
LaTeX Font Info:    Redeclaring font encoding OMS on input line 734.
\macc@depth=\count139
\c@MaxMatrixCols=\count140
\dotsspace@=\muskip11
\c@parentequation=\count141
\dspbrk@lvl=\count142
\tag@help=\toks20
\row@=\count143
\column@=\count144
\maxfields@=\count145
\andhelp@=\toks21
\eqnshift@=\dimen124
\alignsep@=\dimen125
\tagshift@=\dimen126
\tagwidth@=\dimen127
\totwidth@=\dimen128
\lineht@=\dimen129
\@envbody=\toks22
\multlinegap=\skip189
\multlinetaggap=\skip190
\mathdisplay@stack=\toks23
LaTeX Info: Redefining \[ on input line 2858.
LaTeX Info: Redefining \] on input line 2859.
) ("C:\Program Files\MiKTeX 2.9\tex/latex/amsfonts\amsfonts.sty"
Package: amsfonts 2013/01/14 v3.01 Basic AMSFonts support
\symAMSa=\mathgroup4
\symAMSb=\mathgroup5
LaTeX Font Info:    Redeclaring math symbol \hbar on input line 98.
LaTeX Font Info:    Overwriting math alphabet `\mathfrak' in version `bold'
(Font)                  U/euf/m/n --> U/euf/b/n on input line 106.
) ("C:\Program Files\MiKTeX 2.9\tex/latex/graphics\color.sty"
Package: color 2016/07/10 v1.1e Standard LaTeX Color (DPC)
 ("C:\Program Files\MiKTeX 2.9\tex/latex/graphics-cfg\color.cfg"
File: color.cfg 2016/01/02 v1.6 sample color configuration
)
Package color Info: Driver file: pdftex.def on input line 147.
) ("C:\Users\Jesus Loera\AppData\Roaming\MiKTeX\2.9\tex/latex/vmargin\vmargin.sty"
Package: vmargin 2004/07/15 V2.5 set document margins (VK)

Package: vmargin 2004/07/15 V2.5 set document margins (VK)
\PaperWidth=\dimen130
\PaperHeight=\dimen131
) ("C:\Program Files\MiKTeX 2.9\tex/latex/amsfonts\amssymb.sty"
Package: amssymb 2013/01/14 v3.01 AMS font symbols
) (pythonhighlight.sty
Package: pythonhighlight 2011/09/19 python code highlighting; provided by Olivier Verdier <olivier.verdier@gmail.com>
 ("C:\Users\Jesus Loera\AppData\Roaming\MiKTeX\2.9\tex/latex/listings\listings.sty"
\lst@mode=\count146
\lst@gtempboxa=\box32
\lst@token=\toks24
\lst@length=\count147
\lst@currlwidth=\dimen132
\lst@column=\count148
\lst@pos=\count149
\lst@lostspace=\dimen133
\lst@width=\dimen134
\lst@newlines=\count150
\lst@lineno=\count151
\lst@maxwidth=\dimen135
 ("C:\Users\Jesus Loera\AppData\Roaming\MiKTeX\2.9\tex/latex/listings\lstmisc.sty"
File: lstmisc.sty 2020/03/24 1.8d (Carsten Heinz)
\c@lstnumber=\count152
\lst@skipnumbers=\count153
\lst@framebox=\box33
) ("C:\Users\Jesus Loera\AppData\Roaming\MiKTeX\2.9\tex/latex/listings\listings.cfg"
File: listings.cfg 2020/03/24 1.8d listings configuration
))
Package: listings 2020/03/24 1.8d (Carsten Heinz)
 ("C:\Program Files\MiKTeX 2.9\tex/latex/xcolor\xcolor.sty"
Package: xcolor 2016/05/11 v2.12 LaTeX color extensions (UK)
 ("C:\Program Files\MiKTeX 2.9\tex/latex/graphics-cfg\color.cfg"
File: color.cfg 2016/01/02 v1.6 sample color configuration
)
Package xcolor Info: Driver file: pdftex.def on input line 225.
LaTeX Info: Redefining \color on input line 709.
Package xcolor Info: Model `cmy' substituted by `cmy0' on input line 1348.
Package xcolor Info: Model `hsb' substituted by `rgb' on input line 1352.
Package xcolor Info: Model `RGB' extended on input line 1364.
Package xcolor Info: Model `HTML' substituted by `rgb' on input line 1366.
Package xcolor Info: Model `Hsb' substituted by `hsb' on input line 1367.
Package xcolor Info: Model `tHsb' substituted by `hsb' on input line 1368.
Package xcolor Info: Model `HSB' substituted by `hsb' on input line 1369.
Package xcolor Info: Model `Gray' substituted by `gray' on input line 1370.
Package xcolor Info: Model `wave' substituted by `hsb' on input line 1371.
)) ("C:\Program Files\MiKTeX 2.9\tex/latex/tools\multicol.sty"
Package: multicol 2019/03/01 v1.8w multicolumn formatting (FMi)
\c@tracingmulticols=\count154
\mult@box=\box34
\multicol@leftmargin=\dimen136
\c@unbalance=\count155
\c@collectmore=\count156
\doublecol@number=\count157
\multicoltolerance=\count158
\multicolpretolerance=\count159
\full@width=\dimen137
\page@free=\dimen138
\premulticols=\dimen139
\postmulticols=\dimen140
\multicolsep=\skip191
\multicolbaselineskip=\skip192
\partial@page=\box35
\last@line=\box36
\maxbalancingoverflow=\dimen141
\mult@rightbox=\box37
\mult@grightbox=\box38
\mult@gfirstbox=\box39
\mult@firstbox=\box40
\@tempa=\box41
\@tempa=\box42
\@tempa=\box43
\@tempa=\box44
\@tempa=\box45
\@tempa=\box46
\@tempa=\box47
\@tempa=\box48
\@tempa=\box49
\@tempa=\box50
\@tempa=\box51
\@tempa=\box52
\@tempa=\box53
\@tempa=\box54
\@tempa=\box55
\@tempa=\box56
\@tempa=\box57
\c@minrows=\count160
\c@columnbadness=\count161
\c@finalcolumnbadness=\count162
\last@try=\dimen142
\multicolovershoot=\dimen143
\multicolundershoot=\dimen144
\mult@nat@firstbox=\box58
\colbreak@box=\box59
\mc@col@check@num=\count163
) ("C:\Users\Jesus Loera\AppData\Roaming\MiKTeX\2.9\tex/latex/psfrag\psfrag.sty"
Package: psfrag 1998/04/11 v3.04 PSfrag (MCG)
\pfg@pcount=\count164
\pfg@scount=\count165
\pfg@temp=\write3
)
\c@theorem=\count166
\c@corollary=\count167
\c@definition=\count168
) (portada.tex) (abstract.tex) (Resumen.tex) (keywords.tex) ("c:/Users\Jesus Loera\OneDrive - Universidad Autónoma de Nuevo León\FCFM\Proyectos_Fisica\Reporte\build_1\PIA.aux")
\openout1 = `PIA.aux'.

LaTeX Font Info:    Checking defaults for OML/cmm/m/it on input line 16.
LaTeX Font Info:    ... okay on input line 16.
LaTeX Font Info:    Checking defaults for T1/cmr/m/n on input line 16.
LaTeX Font Info:    ... okay on input line 16.
LaTeX Font Info:    Checking defaults for OT1/cmr/m/n on input line 16.
LaTeX Font Info:    ... okay on input line 16.
LaTeX Font Info:    Checking defaults for OMS/cmsy/m/n on input line 16.
LaTeX Font Info:    ... okay on input line 16.
LaTeX Font Info:    Checking defaults for OMX/cmex/m/n on input line 16.
LaTeX Font Info:    ... okay on input line 16.
LaTeX Font Info:    Checking defaults for U/cmr/m/n on input line 16.
LaTeX Font Info:    ... okay on input line 16.
 ("C:\Program Files\MiKTeX 2.9\tex/context/base/mkii\supp-pdf.mkii"
[Loading MPS to PDF converter (version 2006.09.02).]
\scratchcounter=\count169
\scratchdimen=\dimen145
\scratchbox=\box60
\nofMPsegments=\count170
\nofMParguments=\count171
\everyMPshowfont=\toks25
\MPscratchCnt=\count172
\MPscratchDim=\dimen146
\MPnumerator=\count173
\makeMPintoPDFobject=\count174
\everyMPtoPDFconversion=\toks26
) ("C:\Program Files\MiKTeX 2.9\tex/latex/epstopdf-pkg\epstopdf-base.sty"
Package: epstopdf-base 2019/11/24 v2.7 Base part for package epstopdf
 ("C:\Program Files\MiKTeX 2.9\tex/generic/oberdiek\infwarerr.sty"
Package: infwarerr 2016/05/16 v1.4 Providing info/warning/error messages (HO)
) ("C:\Program Files\MiKTeX 2.9\tex/latex/oberdiek\grfext.sty"
Package: grfext 2016/05/16 v1.2 Manage graphics extensions (HO)
 ("C:\Program Files\MiKTeX 2.9\tex/generic/oberdiek\kvdefinekeys.sty"
Package: kvdefinekeys 2016/05/16 v1.4 Define keys (HO)
 ("C:\Program Files\MiKTeX 2.9\tex/generic/oberdiek\ltxcmds.sty"
Package: ltxcmds 2016/05/16 v1.23 LaTeX kernel commands for general use (HO)
))) ("C:\Program Files\MiKTeX 2.9\tex/latex/oberdiek\kvoptions.sty"
Package: kvoptions 2016/05/16 v3.12 Key value format for package options (HO)
 ("C:\Program Files\MiKTeX 2.9\tex/generic/oberdiek\kvsetkeys.sty"
Package: kvsetkeys 2016/05/16 v1.17 Key value parser (HO)
 ("C:\Program Files\MiKTeX 2.9\tex/generic/oberdiek\etexcmds.sty"
Package: etexcmds 2016/05/16 v1.6 Avoid name clashes with e-TeX commands (HO)
 ("C:\Program Files\MiKTeX 2.9\tex/generic/iftex\ifluatex.sty"
Package: ifluatex 2019/10/25 v1.5 ifluatex legacy package. Use iftex instead.
 ("C:\Program Files\MiKTeX 2.9\tex/generic/iftex\iftex.sty"
Package: iftex 2019/11/07 v1.0c TeX engine tests
))))) ("C:\Program Files\MiKTeX 2.9\tex/latex/pdftexcmds\pdftexcmds.sty"
Package: pdftexcmds 2019/11/24 v0.31 Utility functions of pdfTeX for LuaTeX (HO)
Package pdftexcmds Info: \pdf@primitive is available.
Package pdftexcmds Info: \pdf@ifprimitive is available.
Package pdftexcmds Info: \pdfdraftmode found.
)
Package epstopdf-base Info: Redefining graphics rule for `.eps' on input line 442.
Package grfext Info: Graphics extension search list:
(grfext)             [.pdf,.png,.jpg,.mps,.jpeg,.jbig2,.jb2,.PDF,.PNG,.JPG,.JPEG,.JBIG2,.JB2,.eps]
(grfext)             \AppendGraphicsExtensions on input line 460.
)
\@indexfile=\write4
\openout4 = `PIA.idx'.


Writing index file PIA.idx
\c@lstlisting=\count175
LaTeX Font Info:    Trying to load font information for U+msa on input line 18.
("C:\Program Files\MiKTeX 2.9\tex/latex/amsfonts\umsa.fd"
File: umsa.fd 2013/01/14 v3.01 AMS symbols A
)
LaTeX Font Info:    Trying to load font information for U+msb on input line 18.
 ("C:\Program Files\MiKTeX 2.9\tex/latex/amsfonts\umsb.fd"
File: umsb.fd 2013/01/14 v3.01 AMS symbols B
) (Introduccion.tex) (Algoritmos_Fourier.tex [1
Non-PDF special ignored!
<special> header=psfrag.pro
{C:/Users/Jesus Loera/AppData/Local/MiKTeX/2.9/pdftex/config/pdftex.map}


]) (Atractor_Lorentz.tex) (apendice.tex [2] ("C:\Users\Jesus Loera\AppData\Roaming\MiKTeX\2.9\tex/latex/listings\lstlang1.sty"
File: lstlang1.sty 2020/03/24 1.8d listings language file
)
LaTeX Font Info:    Trying to load font information for T1+cmtt on input line 10.
 ("C:\Program Files\MiKTeX 2.9\tex/latex/base\t1cmtt.fd"
File: t1cmtt.fd 2014/09/29 v2.5h Standard LaTeX font definitions
)
LaTeX Font Info:    Font shape `T1/cmtt/bx/n' in size <8> not available
(Font)              Font shape `T1/cmtt/m/n' tried instead on input line 11.
) (bibliografia.tex [3

]
Class rmaa Info: Calling @outputaddressesifnecessary on input line 15.
 [4


]) ("c:/Users\Jesus Loera\OneDrive - Universidad Autónoma de Nuevo León\FCFM\Proyectos_Fisica\Reporte\build_1\PIA.aux") ) 
Here is how much of TeX's memory you used:
 8181 strings out of 492484
 108073 string characters out of 3130251
 585598 words of memory out of 3000000
 12347 multiletter control sequences out of 15000+200000
 16801 words of font info for 47 fonts, out of 3000000 for 9000
 1141 hyphenation exceptions out of 8191
 55i,8n,52p,897b,1572s stack positions out of 5000i,500n,10000p,200000b,50000s
 <C:\Users\Jesus Loera\AppData\Local\MiKTeX\2.9\fonts/pk/ljfour/jknappen/ec/dpi600\ecst0800.pk> <C:\Users\Jesus Loera\AppData\Local\MiKTeX\2.9\fonts/pk/ljfour/jknappen/ec/dpi600\ectt0800.pk> <C:\Users\Jesus Loera\AppData\Local\MiKTeX\2.9\fonts/pk/ljfour/jknappen/ec/dpi600\ecbx1000.pk> <C:\Users\Jesus Loera\AppData\Local\MiKTeX\2.9\fonts/pk/ljfour/jknappen/ec/dpi600\ecrm0800.pk> <C:\Users\Jesus Loera\AppData\Local\MiKTeX\2.9\fonts/pk/ljfour/jknappen/ec/dpi600\ecrm0900.pk> <C:\Users\Jesus Loera\AppData\Local\MiKTeX\2.9\fonts/pk/ljfour/jknappen/ec/dpi600\ecti0900.pk> <C:\Users\Jesus Loera\AppData\Local\MiKTeX\2.9\fonts/pk/ljfour/jknappen/ec/dpi600\ecrm0700.pk> <C:\Users\Jesus Loera\AppData\Local\MiKTeX\2.9\fonts/pk/ljfour/jknappen/ec/dpi600\ecrm1000.pk> <C:\Users\Jesus Loera\AppData\Local\MiKTeX\2.9\fonts/pk/ljfour/jknappen/ec/dpi600\ecbx1200.pk> <C:\Users\Jesus Loera\AppData\Local\MiKTeX\2.9\fonts/pk/ljfour/jknappen/ec/dpi600\ecti1000.pk> <C:\Users\Jesus Loera\AppData\Local\MiKTeX\2.9\fonts/pk/ljfour/jknappen/ec/dpi600\eccc1000.pk><C:/Program Files/MiKTeX 2.9/fonts/type1/public/amsfonts/cm/cmex10.pfb><C:/Program Files/MiKTeX 2.9/fonts/type1/public/amsfonts/cm/cmmi10.pfb><C:/Program Files/MiKTeX 2.9/fonts/type1/public/amsfonts/cm/cmmi7.pfb><C:/Program Files/MiKTeX 2.9/fonts/type1/public/amsfonts/cm/cmr10.pfb><C:/Program Files/MiKTeX 2.9/fonts/type1/public/amsfonts/cm/cmr6.pfb><C:/Program Files/MiKTeX 2.9/fonts/type1/public/amsfonts/cm/cmr7.pfb><C:/Program Files/MiKTeX 2.9/fonts/type1/public/amsfonts/cm/cmsy10.pfb><C:/Program Files/MiKTeX 2.9/fonts/type1/public/amsfonts/cm/cmsy7.pfb>
Output written on "c:/Users\Jesus Loera\OneDrive - Universidad Autónoma de Nuevo León\FCFM\Proyectos_Fisica\Reporte\build_1\PIA.pdf" (4 pages, 209425 bytes).
PDF statistics:
 458 PDF objects out of 1000 (max. 8388607)
 0 named destinations out of 1000 (max. 500000)
 1 words of extra memory for PDF output out of 10000 (max. 10000000)

